2025-06-17 17:50:18 [INFO] [MainThread] test_chrome:788 - --- Starting Bubblemaps Extractor (Multi-Threaded) ---
2025-06-17 17:50:18 [INFO] [MainThread] test_chrome:77 - Chrome binary found at: C:\Program Files\Google\Chrome\Application\chrome.exe
2025-06-17 17:50:18 [INFO] [MainThread] test_chrome:752 - CSV file size changed from 0 to 296 bytes
2025-06-17 17:50:18 [INFO] [MainThread] test_chrome:128 - Found new token to process: 8ZXHS5FitVeHJcMYnXn8Qs6kspVVLymtzPxn5es4pump
2025-06-17 17:50:18 [INFO] [MainThread] test_chrome:768 - Submitting 1 new tokens: 8ZXHS5FitVeHJcMYnXn8Qs6kspVVLymtzPxn5es4pump
2025-06-17 17:50:18 [INFO] [MainThread] test_chrome:778 - Pool full (1). Waiting...
2025-06-17 17:50:18 [INFO] [BubbleWorker_0] test_chrome:443 - [Thread-25652] --- Starting processing for token: 8ZXHS5FitVeHJcMYnXn8Qs6kspVVLymtzPxn5es4pump ---
2025-06-17 17:50:20 [INFO] [BubbleWorker_0] test_chrome:453 - [Thread-25652] Attempt 1/3 for token: 8ZXHS5FitVeHJcMYnXn8Qs6kspVVLymtzPxn5es4pump
2025-06-17 17:50:24 [INFO] [BubbleWorker_0] test_chrome:464 - [Thread-25652] Page readyState complete for 8ZXHS5FitVeHJcMYnXn8Qs6kspVVLymtzPxn5es4pump (Attempt 1).
2025-06-17 17:50:26 [INFO] [BubbleWorker_0] test_chrome:472 - [Thread-25652] Initial 'Address List' is visible for 8ZXHS5FitVeHJcMYnXn8Qs6kspVVLymtzPxn5es4pump (Attempt 1).
2025-06-17 17:50:28 [INFO] [BubbleWorker_0] test_chrome:484 - [Thread-25652] Timestamp: 'a few seconds ago' (Attempt 1).
2025-06-17 17:50:28 [INFO] [BubbleWorker_0] test_chrome:487 - [Thread-25652] Data is fresh (Attempt 1).
2025-06-17 17:50:28 [INFO] [BubbleWorker_0] test_chrome:573 - [Thread-25652] 'Show Contract' not checked. Clicking (Attempt 1).
2025-06-17 17:50:28 [INFO] [MainThread] test_chrome:778 - Pool full (1). Waiting...
2025-06-17 17:50:30 [WARNING] [BubbleWorker_0] test_chrome:589 - [Thread-25652] 'Show Contract' interaction failed (Attempt 1): Message: element click intercepted: Element <span class="MuiButtonBase-root MuiCheckbox-root MuiCheckbox-colorPrimary MuiCheckbox-sizeSmall Mui-disabled PrivateSwitchBase-root MuiCheckbox-root MuiCheckbox-colorPrimary MuiCheckbox-sizeSmall Mui-disabled MuiCheckbox-root MuiCheckbox-colorPrimary MuiCheckbox-sizeSmall css-1q5trc2" tabindex="-1" aria-disabled="true">...</span> is not clickable at point (1200, 180). Other element would receive the click: <label class="MuiFormControlLabel-root Mui-disabled MuiFormControlLabel-labelPlacementEnd css-tn32ew">...</label>
  (Session info: chrome=137.0.7151.104)
Stacktrace:
	GetHandleVerifier [0x0x7ff7e6bbfe75+79173]
	GetHandleVerifier [0x0x7ff7e6bbfed0+79264]
	(No symbol) [0x0x7ff7e6979e5a]
	(No symbol) [0x0x7ff7e69d8599]
	(No symbol) [0x0x7ff7e69d5f32]
	(No symbol) [0x0x7ff7e69d2f71]
	(No symbol) [0x0x7ff7e69d1e61]
	(No symbol) [0x0x7ff7e69c3464]
	(No symbol) [0x0x7ff7e69f896a]
	(No symbol) [0x0x7ff7e69c2d16]
	(No symbol) [0x0x7ff7e69f8b80]
	(No symbol) [0x0x7ff7e6a2100d]
	(No symbol) [0x0x7ff7e69f8743]
	(No symbol) [0x0x7ff7e69c14c1]
	(No symbol) [0x0x7ff7e69c2253]
	GetHandleVerifier [0x0x7ff7e6e8a2ad+3004797]
	GetHandleVerifier [0x0x7ff7e6e846fd+2981325]
	GetHandleVerifier [0x0x7ff7e6ea3350+3107360]
	GetHandleVerifier [0x0x7ff7e6bda9fe+188622]
	GetHandleVerifier [0x0x7ff7e6be228f+219487]
	GetHandleVerifier [0x0x7ff7e6bc8dc4+115860]
	GetHandleVerifier [0x0x7ff7e6bc8f79+116297]
	GetHandleVerifier [0x0x7ff7e6baf528+11256]
	BaseThreadInitThunk [0x0x7ffd34a7e8d7+23]
	RtlUserThreadStart [0x0x7ffd3607c34c+44]
.
2025-06-17 17:50:30 [ERROR] [BubbleWorker_0] test_chrome:592 - [Thread-25652] CRITICAL: 'Show Contract' interaction failed on attempt 1.
2025-06-17 17:50:30 [INFO] [BubbleWorker_0] test_chrome:453 - [Thread-25652] Attempt 2/3 for token: 8ZXHS5FitVeHJcMYnXn8Qs6kspVVLymtzPxn5es4pump
2025-06-17 17:50:30 [INFO] [BubbleWorker_0] test_chrome:458 - [Thread-25652] Reloading page for attempt 2.
2025-06-17 17:50:31 [INFO] [BubbleWorker_0] test_chrome:464 - [Thread-25652] Page readyState complete for 8ZXHS5FitVeHJcMYnXn8Qs6kspVVLymtzPxn5es4pump (Attempt 2).
2025-06-17 17:50:32 [INFO] [BubbleWorker_0] test_chrome:472 - [Thread-25652] Initial 'Address List' is visible for 8ZXHS5FitVeHJcMYnXn8Qs6kspVVLymtzPxn5es4pump (Attempt 2).
2025-06-17 17:50:34 [INFO] [BubbleWorker_0] test_chrome:484 - [Thread-25652] Timestamp: 'a few seconds ago' (Attempt 2).
2025-06-17 17:50:34 [INFO] [BubbleWorker_0] test_chrome:487 - [Thread-25652] Data is fresh (Attempt 2).
2025-06-17 17:50:35 [INFO] [BubbleWorker_0] test_chrome:573 - [Thread-25652] 'Show Contract' not checked. Clicking (Attempt 2).
2025-06-17 17:50:38 [INFO] [MainThread] test_chrome:778 - Pool full (1). Waiting...
2025-06-17 17:50:39 [INFO] [BubbleWorker_0] test_chrome:582 - [Thread-25652] 'Show Contract' successfully checked (Attempt 2).
2025-06-17 17:50:48 [INFO] [MainThread] test_chrome:778 - Pool full (1). Waiting...
2025-06-17 17:50:55 [INFO] [BubbleWorker_0] test_chrome:608 - [Thread-25652] Rank #1 found in initial data (Attempt 2).
2025-06-17 17:50:55 [INFO] [BubbleWorker_0] test_chrome:611 - [Thread-25652] Attempting to click clusters and extract supply data (Attempt 2).
2025-06-17 17:50:55 [INFO] [BubbleWorker_0] test_chrome:254 - [Thread-25652] Rank #1 (PumpSwap (CTO-SOL)) is visually individual. Treating its own holdings as its cluster data.
2025-06-17 17:50:55 [INFO] [BubbleWorker_0] test_chrome:620 - [Thread-25652] click_clusters_and_extract_supply_data completed (Attempt 2).
2025-06-17 17:50:55 [INFO] [BubbleWorker_0] test_chrome:432 - Saved cluster summary for 8ZXHS5FitVeHJcMYnXn8Qs6kspVVLymtzPxn5es4pump: Clusters=1, GlobalSupply=22.26%, Status=RISKY
2025-06-17 17:50:55 [INFO] [BubbleWorker_0] test_chrome:630 - [Thread-25652] Successfully processed and saved data for 8ZXHS5FitVeHJcMYnXn8Qs6kspVVLymtzPxn5es4pump on attempt 2.
2025-06-17 17:50:58 [INFO] [MainThread] test_chrome:778 - Pool full (1). Waiting...
2025-06-17 17:51:01 [INFO] [BubbleWorker_0] test_chrome:674 - [Thread-25652] WebDriver quit for 8ZXHS5FitVeHJcMYnXn8Qs6kspVVLymtzPxn5es4pump.
2025-06-17 17:51:08 [INFO] [MainThread] test_chrome:738 - Bubblemaps SUCCESS for 8ZXHS5FitVeHJcMYnXn8Qs6kspVVLymtzPxn5es4pump.
2025-06-17 17:51:08 [INFO] [MainThread] test_chrome:745 - 1 tokens updated. Triggering risk_detector.py.
2025-06-17 17:51:08 [INFO] [MainThread] test_chrome:679 - Attempting to run risk_detector.py...
2025-06-17 17:51:11 [INFO] [MainThread] test_chrome:700 - risk_detector.py completed successfully.
2025-06-17 17:51:11 [WARNING] [MainThread] test_chrome:702 - Risk Detector STDERR:
2025-06-17 17:51:09 [INFO] [risk_detector.py:166] - --- Starting Full Token Risk Analysis ---
2025-06-17 17:51:10 [INFO] [risk_detector.py:180] - Loaded 1 tokens from C:\Users\Rachid Aitali\OneDrive - 4JM Solutions Limited\Desktop\SniperX\SniperX\SniperX-V3\sniperx_results_1m.csv
2025-06-17 17:51:10 [INFO] [risk_detector.py:160] - Successfully loaded 4 entries from C:\Users\Rachid Aitali\OneDrive - 4JM Solutions Limited\Desktop\SniperX\SniperX\SniperX-V3\cluster_summaries.csv
2025-06-17 17:51:10 [INFO] [risk_detector.py:213] - Processing token: 8ZXHS5FitVeHJcMYnXn8Qs6kspVVLymtzPxn5es4pump (Cats Take Over)
2025-06-17 17:51:10 [INFO] [risk_detector.py:29] - [DEXSCREENER] Querying for pairs: https://api.dexscreener.com/latest/dex/search?q=8ZXHS5FitVeHJcMYnXn8Qs6kspVVLymtzPxn5es4pump
2025-06-17 17:51:10 [INFO] [risk_detector.py:113] - [DEXSCREENER] Primary pair for 8ZXHS5FitVeHJcMYnXn8Qs6kspVVLymtzPxn5es4pump: BTvu8W1qQYoRr7TR21NBXs5XuKT5RbC2ZPGv4xWvpLfB, Liq_USD: 23391.03, Price_USD: 0.00005246
2025-06-17 17:51:10 [INFO] [risk_detector.py:292] - Successfully wrote 1 processed token entries to C:\Users\Rachid Aitali\OneDrive - 4JM Solutions Limited\Desktop\SniperX\SniperX\SniperX-V3\token_risk_analysis.csv
2025-06-17 17:51:10 [INFO] [risk_detector.py:298] - --- Full Token Risk Analysis Finished ---
2025-06-17 17:51:11 [ERROR] [MainThread] test_chrome:709 - Risk detector output file not created at C:\Users\Rachid Aitali\OneDrive - 4JM Solutions Limited\Desktop\SniperX\SniperX\SniperX-V3\filtered_tokens_with_all_risks.csv
2025-06-17 17:51:16 [INFO] [MainThread] test_chrome:773 - No new tokens, no active tasks. Waiting 15s...
2025-06-17 17:51:31 [INFO] [MainThread] test_chrome:773 - No new tokens, no active tasks. Waiting 15s...
2025-06-17 17:51:46 [INFO] [MainThread] test_chrome:773 - No new tokens, no active tasks. Waiting 15s...
2025-06-17 17:52:01 [INFO] [MainThread] test_chrome:773 - No new tokens, no active tasks. Waiting 15s...
2025-06-17 17:52:16 [INFO] [MainThread] test_chrome:773 - No new tokens, no active tasks. Waiting 15s...
2025-06-17 17:52:31 [INFO] [MainThread] test_chrome:773 - No new tokens, no active tasks. Waiting 15s...
2025-06-17 17:52:46 [INFO] [MainThread] test_chrome:773 - No new tokens, no active tasks. Waiting 15s...
